<?xml version="1.0" encoding="UTF-8"?>
<!-- Generated by org.testng.reporters.JUnitReportReporter -->
<testsuite skipped="0" hostname="DESKTOP-M0OJOK9" name="Railway.TC09" tests="1" failures="0" timestamp="07 Jan 2022 00:35:41 GMT" time="9.909" errors="0">
  <testcase name="TC09" time="9.909" classname="Railway.TC09"/>
</testsuite> <!-- Railway.TC09 -->
