<?xml version="1.0" encoding="UTF-8"?>
<!-- Generated by org.testng.reporters.JUnitReportReporter -->
<testsuite skipped="0" hostname="DESKTOP-M0OJOK9" name="Railway.TC11" tests="1" failures="0" timestamp="07 Jan 2022 00:35:41 GMT" time="3.831" errors="0">
  <testcase name="TC11" time="3.831" classname="Railway.TC11"/>
</testsuite> <!-- Railway.TC11 -->
