<?xml version="1.0" encoding="UTF-8"?>
<!-- Generated by org.testng.reporters.JUnitReportReporter -->
<testsuite skipped="0" hostname="DESKTOP-M0OJOK9" name="Railway.TC17" tests="1" failures="0" timestamp="07 Jan 2022 00:35:41 GMT" time="18.613" errors="0">
  <testcase name="TC17" time="18.613" classname="Railway.TC17"/>
</testsuite> <!-- Railway.TC17 -->
