<?xml version="1.0" encoding="UTF-8"?>
<!-- Generated by org.testng.reporters.JUnitReportReporter -->
<testsuite skipped="0" hostname="DESKTOP-M0OJOK9" name="Railway.TC07" tests="1" failures="0" timestamp="07 Jan 2022 00:35:41 GMT" time="4.026" errors="0">
  <testcase name="TC07" time="4.026" classname="Railway.TC07"/>
</testsuite> <!-- Railway.TC07 -->
