<?xml version="1.0" encoding="UTF-8"?>
<!-- Generated by org.testng.reporters.JUnitReportReporter -->
<testsuite skipped="0" hostname="DESKTOP-M0OJOK9" name="Railway.TC06" tests="1" failures="0" timestamp="07 Jan 2022 00:35:41 GMT" time="6.764" errors="0">
  <testcase name="TC06" time="6.764" classname="Railway.TC06"/>
</testsuite> <!-- Railway.TC06 -->
