<?xml version="1.0" encoding="UTF-8"?>
<!-- Generated by org.testng.reporters.JUnitReportReporter -->
<testsuite skipped="0" hostname="DESKTOP-M0OJOK9" name="Railway.TC03" tests="1" failures="0" timestamp="07 Jan 2022 00:35:41 GMT" time="4.432" errors="0">
  <testcase name="TC03" time="4.432" classname="Railway.TC03"/>
</testsuite> <!-- Railway.TC03 -->
